-------------------------------------------------------------------------------
Test set: com.grokonez.jwtauthentication.SpringBootJwtAuthenticationApplicationTests
-------------------------------------------------------------------------------
Tests run: 1, Failures: 0, Errors: 1, Skipped: 0, Time elapsed: 2.015 s <<< FAILURE! - in com.grokonez.jwtauthentication.SpringBootJwtAuthenticationApplicationTests
initializationError(com.grokonez.jwtauthentication.SpringBootJwtAuthenticationApplicationTests)  Time elapsed: 0 s  <<< ERROR!
java.lang.IllegalStateException: Unable to find a @SpringBootConfiguration, you need to use @ContextConfiguration or @SpringBootTest(classes=...) with your test

